[2023-03-24 20:17:42,415] INFO Reading configuration from: .\config\zookeeper.properties (org.apache.zookeeper.server.quorum.QuorumPeerConfig)
[2023-03-24 20:17:42,618] INFO clientPortAddress is 0.0.0.0:2181 (org.apache.zookeeper.server.quorum.QuorumPeerConfig)
[2023-03-24 20:17:42,618] INFO secureClientPort is not set (org.apache.zookeeper.server.quorum.QuorumPeerConfig)
[2023-03-24 20:17:42,618] INFO observerMasterPort is not set (org.apache.zookeeper.server.quorum.QuorumPeerConfig)
[2023-03-24 20:17:42,618] INFO metricsProvider.className is org.apache.zookeeper.metrics.impl.DefaultMetricsProvider (org.apache.zookeeper.server.quorum.QuorumPeerConfig)
[2023-03-24 20:17:42,665] INFO autopurge.snapRetainCount set to 3 (org.apache.zookeeper.server.DatadirCleanupManager)
[2023-03-24 20:17:42,665] INFO autopurge.purgeInterval set to 0 (org.apache.zookeeper.server.DatadirCleanupManager)
[2023-03-24 20:17:42,665] INFO Purge task is not scheduled. (org.apache.zookeeper.server.DatadirCleanupManager)
[2023-03-24 20:17:42,665] WARN Either no config or no quorum defined in config, running in standalone mode (org.apache.zookeeper.server.quorum.QuorumPeerMain)
[2023-03-24 20:17:42,697] INFO Log4j 1.2 jmx support not found; jmx disabled. (org.apache.zookeeper.jmx.ManagedUtil)
[2023-03-24 20:17:42,697] INFO Reading configuration from: .\config\zookeeper.properties (org.apache.zookeeper.server.quorum.QuorumPeerConfig)
[2023-03-24 20:17:42,712] INFO clientPortAddress is 0.0.0.0:2181 (org.apache.zookeeper.server.quorum.QuorumPeerConfig)
[2023-03-24 20:17:42,712] INFO secureClientPort is not set (org.apache.zookeeper.server.quorum.QuorumPeerConfig)
[2023-03-24 20:17:42,712] INFO observerMasterPort is not set (org.apache.zookeeper.server.quorum.QuorumPeerConfig)
[2023-03-24 20:17:42,728] INFO metricsProvider.className is org.apache.zookeeper.metrics.impl.DefaultMetricsProvider (org.apache.zookeeper.server.quorum.QuorumPeerConfig)
[2023-03-24 20:17:42,728] INFO Starting server (org.apache.zookeeper.server.ZooKeeperServerMain)
[2023-03-24 20:17:42,806] INFO ServerMetrics initialized with provider org.apache.zookeeper.metrics.impl.DefaultMetricsProvider@26ba2a48 (org.apache.zookeeper.server.ServerMetrics)
[2023-03-24 20:17:42,837] INFO zookeeper.snapshot.trust.empty : false (org.apache.zookeeper.server.persistence.FileTxnSnapLog)
[2023-03-24 20:17:42,994] INFO  (org.apache.zookeeper.server.ZooKeeperServer)
[2023-03-24 20:17:42,994] INFO   ______                  _                                           (org.apache.zookeeper.server.ZooKeeperServer)
[2023-03-24 20:17:42,994] INFO  |___  /                 | |                                          (org.apache.zookeeper.server.ZooKeeperServer)
[2023-03-24 20:17:42,994] INFO     / /    ___     ___   | | __   ___    ___   _ __     ___   _ __    (org.apache.zookeeper.server.ZooKeeperServer)
[2023-03-24 20:17:42,994] INFO    / /    / _ \   / _ \  | |/ /  / _ \  / _ \ | '_ \   / _ \ | '__| (org.apache.zookeeper.server.ZooKeeperServer)
[2023-03-24 20:17:42,994] INFO   / /__  | (_) | | (_) | |   <  |  __/ |  __/ | |_) | |  __/ | |     (org.apache.zookeeper.server.ZooKeeperServer)
[2023-03-24 20:17:42,994] INFO  /_____|  \___/   \___/  |_|\_\  \___|  \___| | .__/   \___| |_| (org.apache.zookeeper.server.ZooKeeperServer)
[2023-03-24 20:17:42,994] INFO                                               | |                      (org.apache.zookeeper.server.ZooKeeperServer)
[2023-03-24 20:17:43,009] INFO                                               |_|                      (org.apache.zookeeper.server.ZooKeeperServer)
[2023-03-24 20:17:43,009] INFO  (org.apache.zookeeper.server.ZooKeeperServer)
[2023-03-24 20:17:47,624] INFO Server environment:zookeeper.version=3.6.3--6401e4ad2087061bc6b9f80dec2d69f2e3c8660a, built on 04/08/2021 16:35 GMT (org.apache.zookeeper.server.ZooKeeperServer)
[2023-03-24 20:17:47,624] INFO Server environment:host.name=DESKTOP-ENVUDSA (org.apache.zookeeper.server.ZooKeeperServer)
[2023-03-24 20:17:47,629] INFO Server environment:java.version=1.8.0_361 (org.apache.zookeeper.server.ZooKeeperServer)
[2023-03-24 20:17:47,632] INFO Server environment:java.vendor=Oracle Corporation (org.apache.zookeeper.server.ZooKeeperServer)
[2023-03-24 20:17:47,633] INFO Server environment:java.home=C:\Program Files\Java\jre1.8.0_361 (org.apache.zookeeper.server.ZooKeeperServer)
[2023-03-24 20:17:47,633] INFO Server environment:java.class.path=c:\kafka\libs\activation-1.1.1.jar;c:\kafka\libs\aopalliance-repackaged-2.6.1.jar;c:\kafka\libs\argparse4j-0.7.0.jar;c:\kafka\libs\audience-annotations-0.5.0.jar;c:\kafka\libs\commons-cli-1.4.jar;c:\kafka\libs\commons-lang3-3.8.1.jar;c:\kafka\libs\connect-api-3.4.0.jar;c:\kafka\libs\connect-basic-auth-extension-3.4.0.jar;c:\kafka\libs\connect-file-3.4.0.jar;c:\kafka\libs\connect-json-3.4.0.jar;c:\kafka\libs\connect-mirror-3.4.0.jar;c:\kafka\libs\connect-mirror-client-3.4.0.jar;c:\kafka\libs\connect-runtime-3.4.0.jar;c:\kafka\libs\connect-transforms-3.4.0.jar;c:\kafka\libs\hk2-api-2.6.1.jar;c:\kafka\libs\hk2-locator-2.6.1.jar;c:\kafka\libs\hk2-utils-2.6.1.jar;c:\kafka\libs\jackson-annotations-2.13.4.jar;c:\kafka\libs\jackson-core-2.13.4.jar;c:\kafka\libs\jackson-databind-2.13.4.2.jar;c:\kafka\libs\jackson-dataformat-csv-2.13.4.jar;c:\kafka\libs\jackson-datatype-jdk8-2.13.4.jar;c:\kafka\libs\jackson-jaxrs-base-2.13.4.jar;c:\kafka\libs\jackson-jaxrs-json-provider-2.13.4.jar;c:\kafka\libs\jackson-module-jaxb-annotations-2.13.4.jar;c:\kafka\libs\jackson-module-scala_2.12-2.13.4.jar;c:\kafka\libs\jakarta.activation-api-1.2.2.jar;c:\kafka\libs\jakarta.annotation-api-1.3.5.jar;c:\kafka\libs\jakarta.inject-2.6.1.jar;c:\kafka\libs\jakarta.validation-api-2.0.2.jar;c:\kafka\libs\jakarta.ws.rs-api-2.1.6.jar;c:\kafka\libs\jakarta.xml.bind-api-2.3.3.jar;c:\kafka\libs\javassist-3.27.0-GA.jar;c:\kafka\libs\javax.annotation-api-1.3.2.jar;c:\kafka\libs\javax.servlet-api-3.1.0.jar;c:\kafka\libs\javax.ws.rs-api-2.1.1.jar;c:\kafka\libs\jaxb-api-2.3.0.jar;c:\kafka\libs\jersey-client-2.34.jar;c:\kafka\libs\jersey-common-2.34.jar;c:\kafka\libs\jersey-container-servlet-2.34.jar;c:\kafka\libs\jersey-container-servlet-core-2.34.jar;c:\kafka\libs\jersey-hk2-2.34.jar;c:\kafka\libs\jersey-server-2.34.jar;c:\kafka\libs\jetty-client-9.4.48.v20220622.jar;c:\kafka\libs\jetty-continuation-9.4.48.v20220622.jar;c:\kafka\libs\jetty-http-9.4.48.v20220622.jar;c:\kafka\libs\jetty-io-9.4.48.v20220622.jar;c:\kafka\libs\jetty-security-9.4.48.v20220622.jar;c:\kafka\libs\jetty-server-9.4.48.v20220622.jar;c:\kafka\libs\jetty-servlet-9.4.48.v20220622.jar;c:\kafka\libs\jetty-servlets-9.4.48.v20220622.jar;c:\kafka\libs\jetty-util-9.4.48.v20220622.jar;c:\kafka\libs\jetty-util-ajax-9.4.48.v20220622.jar;c:\kafka\libs\jline-3.21.0.jar;c:\kafka\libs\jopt-simple-5.0.4.jar;c:\kafka\libs\jose4j-0.7.9.jar;c:\kafka\libs\kafka-clients-3.4.0.jar;c:\kafka\libs\kafka-group-coordinator-3.4.0.jar;c:\kafka\libs\kafka-log4j-appender-3.4.0.jar;c:\kafka\libs\kafka-metadata-3.4.0.jar;c:\kafka\libs\kafka-raft-3.4.0.jar;c:\kafka\libs\kafka-server-common-3.4.0.jar;c:\kafka\libs\kafka-shell-3.4.0.jar;c:\kafka\libs\kafka-storage-3.4.0.jar;c:\kafka\libs\kafka-storage-api-3.4.0.jar;c:\kafka\libs\kafka-streams-3.4.0.jar;c:\kafka\libs\kafka-streams-examples-3.4.0.jar;c:\kafka\libs\kafka-streams-scala_2.12-3.4.0.jar;c:\kafka\libs\kafka-streams-test-utils-3.4.0.jar;c:\kafka\libs\kafka-tools-3.4.0.jar;c:\kafka\libs\kafka_2.12-3.4.0.jar;c:\kafka\libs\lz4-java-1.8.0.jar;c:\kafka\libs\maven-artifact-3.8.4.jar;c:\kafka\libs\metrics-core-2.2.0.jar;c:\kafka\libs\metrics-core-4.1.12.1.jar;c:\kafka\libs\netty-buffer-4.1.78.Final.jar;c:\kafka\libs\netty-codec-4.1.78.Final.jar;c:\kafka\libs\netty-common-4.1.78.Final.jar;c:\kafka\libs\netty-handler-4.1.78.Final.jar;c:\kafka\libs\netty-resolver-4.1.78.Final.jar;c:\kafka\libs\netty-transport-4.1.78.Final.jar;c:\kafka\libs\netty-transport-classes-epoll-4.1.78.Final.jar;c:\kafka\libs\netty-transport-native-epoll-4.1.78.Final.jar;c:\kafka\libs\netty-transport-native-unix-common-4.1.78.Final.jar;c:\kafka\libs\osgi-resource-locator-1.0.3.jar;c:\kafka\libs\paranamer-2.8.jar;c:\kafka\libs\plexus-utils-3.3.0.jar;c:\kafka\libs\reflections-0.9.12.jar;c:\kafka\libs\reload4j-1.2.19.jar;c:\kafka\libs\rocksdbjni-7.1.2.jar;c:\kafka\libs\scala-collection-compat_2.12-2.6.0.jar;c:\kafka\libs\scala-java8-compat_2.12-1.0.2.jar;c:\kafka\libs\scala-library-2.12.15.jar;c:\kafka\libs\scala-logging_2.12-3.9.4.jar;c:\kafka\libs\scala-reflect-2.12.15.jar;c:\kafka\libs\slf4j-api-1.7.36.jar;c:\kafka\libs\slf4j-reload4j-1.7.36.jar;c:\kafka\libs\snappy-java-1.1.8.4.jar;c:\kafka\libs\swagger-annotations-2.2.0.jar;c:\kafka\libs\trogdor-3.4.0.jar;c:\kafka\libs\zookeeper-3.6.3.jar;c:\kafka\libs\zookeeper-jute-3.6.3.jar;c:\kafka\libs\zstd-jni-1.5.2-1.jar (org.apache.zookeeper.server.ZooKeeperServer)
[2023-03-24 20:17:47,644] INFO Server environment:java.library.path=C:\Program Files (x86)\Common Files\Oracle\Java\javapath;C:\Windows\Sun\Java\bin;C:\Windows\system32;C:\Windows;C:\Program Files (x86)\Common Files\Oracle\Java\javapath;C:\Windows\system32;C:\Windows;C:\Windows\System32\Wbem;C:\Windows\System32\WindowsPowerShell\v1.0\;C:\Windows\System32\OpenSSH\;C:\Program Files\Git\cmd;C:\Program Files\nodejs\;C:\Program Files\Docker\Docker\resources\bin;C:\Users\Andrey\AppData\Local\Microsoft\WindowsApps;C:\Users\Andrey\AppData\Roaming\npm;. (org.apache.zookeeper.server.ZooKeeperServer)
[2023-03-24 20:17:47,649] INFO Server environment:java.io.tmpdir=C:\Users\Andrey\AppData\Local\Temp\ (org.apache.zookeeper.server.ZooKeeperServer)
[2023-03-24 20:17:47,657] INFO Server environment:java.compiler=<NA> (org.apache.zookeeper.server.ZooKeeperServer)
[2023-03-24 20:17:47,662] INFO Server environment:os.name=Windows 10 (org.apache.zookeeper.server.ZooKeeperServer)
[2023-03-24 20:17:47,663] INFO Server environment:os.arch=amd64 (org.apache.zookeeper.server.ZooKeeperServer)
[2023-03-24 20:17:47,665] INFO Server environment:os.version=10.0 (org.apache.zookeeper.server.ZooKeeperServer)
[2023-03-24 20:17:47,672] INFO Server environment:user.name=Andrey (org.apache.zookeeper.server.ZooKeeperServer)
[2023-03-24 20:17:47,674] INFO Server environment:user.home=C:\Users\Andrey (org.apache.zookeeper.server.ZooKeeperServer)
[2023-03-24 20:17:47,675] INFO Server environment:user.dir=c:\kafka (org.apache.zookeeper.server.ZooKeeperServer)
[2023-03-24 20:17:47,676] INFO Server environment:os.memory.free=494MB (org.apache.zookeeper.server.ZooKeeperServer)
[2023-03-24 20:17:47,677] INFO Server environment:os.memory.max=512MB (org.apache.zookeeper.server.ZooKeeperServer)
[2023-03-24 20:17:47,677] INFO Server environment:os.memory.total=512MB (org.apache.zookeeper.server.ZooKeeperServer)
[2023-03-24 20:17:47,678] INFO zookeeper.enableEagerACLCheck = false (org.apache.zookeeper.server.ZooKeeperServer)
[2023-03-24 20:17:47,680] INFO zookeeper.digest.enabled = true (org.apache.zookeeper.server.ZooKeeperServer)
[2023-03-24 20:17:47,680] INFO zookeeper.closeSessionTxn.enabled = true (org.apache.zookeeper.server.ZooKeeperServer)
[2023-03-24 20:17:47,680] INFO zookeeper.flushDelay=0 (org.apache.zookeeper.server.ZooKeeperServer)
[2023-03-24 20:17:47,680] INFO zookeeper.maxWriteQueuePollTime=0 (org.apache.zookeeper.server.ZooKeeperServer)
[2023-03-24 20:17:47,680] INFO zookeeper.maxBatchSize=1000 (org.apache.zookeeper.server.ZooKeeperServer)
[2023-03-24 20:17:47,680] INFO zookeeper.intBufferStartingSizeBytes = 1024 (org.apache.zookeeper.server.ZooKeeperServer)
[2023-03-24 20:17:47,696] INFO Weighed connection throttling is disabled (org.apache.zookeeper.server.BlueThrottle)
[2023-03-24 20:17:47,696] INFO minSessionTimeout set to 6000 (org.apache.zookeeper.server.ZooKeeperServer)
[2023-03-24 20:17:47,696] INFO maxSessionTimeout set to 60000 (org.apache.zookeeper.server.ZooKeeperServer)
[2023-03-24 20:17:47,696] INFO Response cache size is initialized with value 400. (org.apache.zookeeper.server.ResponseCache)
[2023-03-24 20:17:47,696] INFO Response cache size is initialized with value 400. (org.apache.zookeeper.server.ResponseCache)
[2023-03-24 20:17:47,712] INFO zookeeper.pathStats.slotCapacity = 60 (org.apache.zookeeper.server.util.RequestPathMetricsCollector)
[2023-03-24 20:17:47,712] INFO zookeeper.pathStats.slotDuration = 15 (org.apache.zookeeper.server.util.RequestPathMetricsCollector)
[2023-03-24 20:17:47,714] INFO zookeeper.pathStats.maxDepth = 6 (org.apache.zookeeper.server.util.RequestPathMetricsCollector)
[2023-03-24 20:17:47,715] INFO zookeeper.pathStats.initialDelay = 5 (org.apache.zookeeper.server.util.RequestPathMetricsCollector)
[2023-03-24 20:17:47,716] INFO zookeeper.pathStats.delay = 5 (org.apache.zookeeper.server.util.RequestPathMetricsCollector)
[2023-03-24 20:17:47,717] INFO zookeeper.pathStats.enabled = false (org.apache.zookeeper.server.util.RequestPathMetricsCollector)
[2023-03-24 20:17:47,722] INFO The max bytes for all large requests are set to 104857600 (org.apache.zookeeper.server.ZooKeeperServer)
[2023-03-24 20:17:47,724] INFO The large request threshold is set to -1 (org.apache.zookeeper.server.ZooKeeperServer)
[2023-03-24 20:17:47,725] INFO Created server with tickTime 3000 minSessionTimeout 6000 maxSessionTimeout 60000 clientPortListenBacklog -1 datadir c:\kafka\zookeeper-data\version-2 snapdir c:\kafka\zookeeper-data\version-2 (org.apache.zookeeper.server.ZooKeeperServer)
[2023-03-24 20:17:47,749] INFO Using org.apache.zookeeper.server.NIOServerCnxnFactory as server connection factory (org.apache.zookeeper.server.ServerCnxnFactory)
[2023-03-24 20:17:47,749] WARN maxCnxns is not configured, using default value 0. (org.apache.zookeeper.server.ServerCnxnFactory)
[2023-03-24 20:17:47,767] INFO Configuring NIO connection handler with 10s sessionless connection timeout, 2 selector thread(s), 16 worker threads, and 64 kB direct buffers. (org.apache.zookeeper.server.NIOServerCnxnFactory)
[2023-03-24 20:17:47,772] INFO binding to port 0.0.0.0/0.0.0.0:2181 (org.apache.zookeeper.server.NIOServerCnxnFactory)
[2023-03-24 20:17:47,863] INFO Using org.apache.zookeeper.server.watch.WatchManager as watch manager (org.apache.zookeeper.server.watch.WatchManagerFactory)
[2023-03-24 20:17:47,865] INFO Using org.apache.zookeeper.server.watch.WatchManager as watch manager (org.apache.zookeeper.server.watch.WatchManagerFactory)
[2023-03-24 20:17:47,867] INFO zookeeper.snapshotSizeFactor = 0.33 (org.apache.zookeeper.server.ZKDatabase)
[2023-03-24 20:17:47,868] INFO zookeeper.commitLogCount=500 (org.apache.zookeeper.server.ZKDatabase)
[2023-03-24 20:17:47,948] INFO zookeeper.snapshot.compression.method = CHECKED (org.apache.zookeeper.server.persistence.SnapStream)
[2023-03-24 20:17:47,950] INFO Snapshotting: 0x0 to c:\kafka\zookeeper-data\version-2\snapshot.0 (org.apache.zookeeper.server.persistence.FileTxnSnapLog)
[2023-03-24 20:17:48,010] INFO Snapshot loaded in 139 ms, highest zxid is 0x0, digest is 1371985504 (org.apache.zookeeper.server.ZKDatabase)
[2023-03-24 20:17:48,012] INFO Snapshotting: 0x0 to c:\kafka\zookeeper-data\version-2\snapshot.0 (org.apache.zookeeper.server.persistence.FileTxnSnapLog)
[2023-03-24 20:17:48,033] INFO Snapshot taken in 21 ms (org.apache.zookeeper.server.ZooKeeperServer)
[2023-03-24 20:17:48,132] INFO zookeeper.request_throttler.shutdownTimeout = 10000 (org.apache.zookeeper.server.RequestThrottler)
[2023-03-24 20:17:48,133] INFO PrepRequestProcessor (sid:0) started, reconfigEnabled=false (org.apache.zookeeper.server.PrepRequestProcessor)
[2023-03-24 20:17:48,255] INFO Using checkIntervalMs=60000 maxPerMinute=10000 maxNeverUsedIntervalMs=0 (org.apache.zookeeper.server.ContainerManager)
[2023-03-24 20:17:48,264] INFO ZooKeeper audit is disabled. (org.apache.zookeeper.audit.ZKAuditProvider)
